<?xml version="1.0" encoding="UTF-8"?>
<testsuite name="MeetupTest" tests="91" skipped="0" failures="0" errors="0" timestamp="2016-08-14T17:02:19" hostname="beardsmcgee-ubuntu" time="1.265">
  <properties/>
  <testcase name="test_first_friday_of_november_2013" classname="MeetupTest" time="0.812"/>
  <testcase name="test_first_friday_of_december_2013" classname="MeetupTest" time="0.001"/>
  <testcase name="test_first_saturday_of_january_2013" classname="MeetupTest" time="0.002"/>
  <testcase name="test_first_saturday_of_february_2013" classname="MeetupTest" time="0.001"/>
  <testcase name="test_first_sunday_of_march_2013" classname="MeetupTest" time="0.002"/>
  <testcase name="test_first_sunday_of_april_2013" classname="MeetupTest" time="0.001"/>
  <testcase name="test_second_monday_of_march_2013" classname="MeetupTest" time="0.001"/>
  <testcase name="test_second_monday_of_april_2013" classname="MeetupTest" time="0.005"/>
  <testcase name="test_second_tuesday_of_may_2013" classname="MeetupTest" time="0.008"/>
  <testcase name="test_second_tuesday_of_june_2013" classname="MeetupTest" time="0.002"/>
  <testcase name="test_second_wednesday_of_july_2013" classname="MeetupTest" time="0.0"/>
  <testcase name="test_second_wednesday_of_august_2013" classname="MeetupTest" time="0.008"/>
  <testcase name="test_second_thursday_of_september_2013" classname="MeetupTest" time="0.008"/>
  <testcase name="test_second_thursday_of_october_2013" classname="MeetupTest" time="0.002"/>
  <testcase name="test_second_friday_of_november_2013" classname="MeetupTest" time="0.005"/>
  <testcase name="test_second_friday_of_december_2013" classname="MeetupTest" time="0.004"/>
  <testcase name="test_second_saturday_of_january_2013" classname="MeetupTest" time="0.001"/>
  <testcase name="test_wednesteenth_of_january_2013" classname="MeetupTest" time="0.001"/>
  <testcase name="test_wednesteenth_of_february_2013" classname="MeetupTest" time="0.0"/>
  <testcase name="test_last_wednesday_of_august_2013" classname="MeetupTest" time="0.003"/>
  <testcase name="test_last_thursday_of_september_2013" classname="MeetupTest" time="0.001"/>
  <testcase name="test_last_thursday_of_october_2013" classname="MeetupTest" time="0.003"/>
  <testcase name="test_last_friday_of_november_2013" classname="MeetupTest" time="0.002"/>
  <testcase name="test_last_friday_of_december_2013" classname="MeetupTest" time="0.006"/>
  <testcase name="test_last_saturday_of_january_2013" classname="MeetupTest" time="0.001"/>
  <testcase name="test_last_saturday_of_february_2013" classname="MeetupTest" time="0.004"/>
  <testcase name="test_last_sunday_of_march_2013" classname="MeetupTest" time="0.001"/>
  <testcase name="test_last_sunday_of_april_2013" classname="MeetupTest" time="0.002"/>
  <testcase name="test_wednesteenth_of_june_2013" classname="MeetupTest" time="0.002"/>
  <testcase name="test_thursteenth_of_may_2013" classname="MeetupTest" time="0.002"/>
  <testcase name="test_thursteenth_of_june_2013" classname="MeetupTest" time="0.003"/>
  <testcase name="test_second_saturday_of_february_2013" classname="MeetupTest" time="0.006"/>
  <testcase name="test_second_sunday_of_march_2013" classname="MeetupTest" time="0.004"/>
  <testcase name="test_second_sunday_of_april_2013" classname="MeetupTest" time="0.004"/>
  <testcase name="test_third_monday_of_march_2013" classname="MeetupTest" time="0.003"/>
  <testcase name="test_third_monday_of_april_2013" classname="MeetupTest" time="0.003"/>
  <testcase name="test_third_tuesday_of_may_2013" classname="MeetupTest" time="0.002"/>
  <testcase name="test_third_tuesday_of_june_2013" classname="MeetupTest" time="0.002"/>
  <testcase name="test_third_wednesday_of_july_2013" classname="MeetupTest" time="0.01"/>
  <testcase name="test_third_wednesday_of_august_2013" classname="MeetupTest" time="0.015"/>
  <testcase name="test_third_thursday_of_september_2013" classname="MeetupTest" time="0.001"/>
  <testcase name="test_third_thursday_of_october_2013" classname="MeetupTest" time="0.001"/>
  <testcase name="test_third_friday_of_november_2013" classname="MeetupTest" time="0.001"/>
  <testcase name="test_third_friday_of_december_2013" classname="MeetupTest" time="0.001"/>
  <testcase name="test_third_saturday_of_january_2013" classname="MeetupTest" time="0.001"/>
  <testcase name="test_third_saturday_of_february_2013" classname="MeetupTest" time="0.003"/>
  <testcase name="test_third_sunday_of_march_2013" classname="MeetupTest" time="0.003"/>
  <testcase name="test_third_sunday_of_april_2013" classname="MeetupTest" time="0.004"/>
  <testcase name="test_fourth_monday_of_march_2013" classname="MeetupTest" time="0.003"/>
  <testcase name="test_fourth_monday_of_april_2013" classname="MeetupTest" time="0.002"/>
  <testcase name="test_fourth_tuesday_of_may_2013" classname="MeetupTest" time="0.0"/>
  <testcase name="test_fourth_tuesday_of_june_2013" classname="MeetupTest" time="0.002"/>
  <testcase name="test_fourth_wednesday_of_july_2013" classname="MeetupTest" time="0.004"/>
  <testcase name="test_fourth_wednesday_of_august_2013" classname="MeetupTest" time="0.001"/>
  <testcase name="test_fourth_thursday_of_september_2013" classname="MeetupTest" time="0.002"/>
  <testcase name="test_fourth_thursday_of_october_2013" classname="MeetupTest" time="0.001"/>
  <testcase name="test_fourth_friday_of_november_2013" classname="MeetupTest" time="0.001"/>
  <testcase name="test_fourth_friday_of_december_2013" classname="MeetupTest" time="0.001"/>
  <testcase name="test_fourth_saturday_of_january_2013" classname="MeetupTest" time="0.001"/>
  <testcase name="test_fourth_saturday_of_february_2013" classname="MeetupTest" time="0.001"/>
  <testcase name="test_fourth_sunday_of_march_2013" classname="MeetupTest" time="0.001"/>
  <testcase name="test_fourth_sunday_of_april_2013" classname="MeetupTest" time="0.002"/>
  <testcase name="test_last_monday_of_march_2013" classname="MeetupTest" time="0.001"/>
  <testcase name="test_last_monday_of_april_2013" classname="MeetupTest" time="0.001"/>
  <testcase name="test_last_tuesday_of_may_2013" classname="MeetupTest" time="0.001"/>
  <testcase name="test_last_tuesday_of_june_2013" classname="MeetupTest" time="0.001"/>
  <testcase name="test_last_wednesday_of_july_2013" classname="MeetupTest" time="0.0"/>
  <testcase name="test_monteenth_of_may_2013" classname="MeetupTest" time="0.0"/>
  <testcase name="test_monteenth_of_august_2013" classname="MeetupTest" time="0.001"/>
  <testcase name="test_monteenth_of_september_2013" classname="MeetupTest" time="0.003"/>
  <testcase name="test_tuesteenth_of_march_2013" classname="MeetupTest" time="0.001"/>
  <testcase name="test_tuesteenth_of_april_2013" classname="MeetupTest" time="0.0"/>
  <testcase name="test_tuesteenth_of_august_2013" classname="MeetupTest" time="0.001"/>
  <testcase name="test_thursteenth_of_september_2013" classname="MeetupTest" time="0.001"/>
  <testcase name="test_friteenth_of_april_2013" classname="MeetupTest" time="0.001"/>
  <testcase name="test_friteenth_of_august_2013" classname="MeetupTest" time="0.001"/>
  <testcase name="test_friteenth_of_september_2013" classname="MeetupTest" time="0.001"/>
  <testcase name="test_saturteenth_of_february_2013" classname="MeetupTest" time="0.009"/>
  <testcase name="test_saturteenth_of_april_2013" classname="MeetupTest" time="0.0"/>
  <testcase name="test_saturteenth_of_october_2013" classname="MeetupTest" time="0.0"/>
  <testcase name="test_sunteenth_of_may_2013" classname="MeetupTest" time="0.0"/>
  <testcase name="test_sunteenth_of_june_2013" classname="MeetupTest" time="0.001"/>
  <testcase name="test_sunteenth_of_october_2013" classname="MeetupTest" time="0.001"/>
  <testcase name="test_first_monday_of_march_2013" classname="MeetupTest" time="0.001"/>
  <testcase name="test_first_monday_of_april_2013" classname="MeetupTest" time="0.0"/>
  <testcase name="test_first_tuesday_of_may_2013" classname="MeetupTest" time="0.0"/>
  <testcase name="test_first_tuesday_of_june_2013" classname="MeetupTest" time="0.001"/>
  <testcase name="test_first_wednesday_of_july_2013" classname="MeetupTest" time="0.001"/>
  <testcase name="test_first_wednesday_of_august_2013" classname="MeetupTest" time="0.001"/>
  <testcase name="test_first_thursday_of_september_2013" classname="MeetupTest" time="0.001"/>
  <testcase name="test_first_thursday_of_october_2013" classname="MeetupTest" time="0.0"/>
  <system-out><![CDATA[]]></system-out>
  <system-err><![CDATA[]]></system-err>
</testsuite>
